2024-04-07 15:37:14,327 INFO    StreamThr :3904 [internal.py:wandb_internal():86] W&B internal server running at pid: 3904, started at: 2024-04-07 15:37:14.327073
2024-04-07 15:37:14,328 DEBUG   HandlerThread:3904 [handler.py:handle_request():146] handle_request: status
2024-04-07 15:37:14,334 INFO    WriterThread:3904 [datastore.py:open_for_write():85] open: S:\Cryp-Tor\wandb\run-20240407_153714-dlp5nac1\run-dlp5nac1.wandb
2024-04-07 15:37:14,334 DEBUG   SenderThread:3904 [sender.py:send():382] send: header
2024-04-07 15:37:14,513 DEBUG   SenderThread:3904 [sender.py:send():382] send: run
2024-04-07 15:37:15,455 INFO    SenderThread:3904 [dir_watcher.py:__init__():211] watching files in: S:\Cryp-Tor\wandb\run-20240407_153714-dlp5nac1\files
2024-04-07 15:37:15,456 INFO    SenderThread:3904 [sender.py:_start_run_threads():1136] run started: dlp5nac1 with start time 1712497034.328074
2024-04-07 15:37:15,459 DEBUG   HandlerThread:3904 [handler.py:handle_request():146] handle_request: check_version
2024-04-07 15:37:15,459 DEBUG   SenderThread:3904 [sender.py:send_request():409] send_request: check_version
2024-04-07 15:37:15,831 DEBUG   HandlerThread:3904 [handler.py:handle_request():146] handle_request: run_start
2024-04-07 15:37:15,848 DEBUG   HandlerThread:3904 [system_info.py:__init__():32] System info init
2024-04-07 15:37:15,848 DEBUG   HandlerThread:3904 [system_info.py:__init__():47] System info init done
2024-04-07 15:37:15,848 INFO    HandlerThread:3904 [system_monitor.py:start():194] Starting system monitor
2024-04-07 15:37:15,849 INFO    SystemMonitor:3904 [system_monitor.py:_start():158] Starting system asset monitoring threads
2024-04-07 15:37:15,849 INFO    HandlerThread:3904 [system_monitor.py:probe():214] Collecting system info
2024-04-07 15:37:15,850 INFO    SystemMonitor:3904 [interfaces.py:start():190] Started cpu monitoring
2024-04-07 15:37:15,851 INFO    SystemMonitor:3904 [interfaces.py:start():190] Started disk monitoring
2024-04-07 15:37:15,851 INFO    SystemMonitor:3904 [interfaces.py:start():190] Started gpu monitoring
2024-04-07 15:37:15,854 INFO    SystemMonitor:3904 [interfaces.py:start():190] Started memory monitoring
2024-04-07 15:37:15,860 INFO    SystemMonitor:3904 [interfaces.py:start():190] Started network monitoring
2024-04-07 15:37:15,868 DEBUG   HandlerThread:3904 [system_info.py:probe():196] Probing system
2024-04-07 15:37:15,869 DEBUG   HandlerThread:3904 [system_info.py:_probe_git():181] Probing git
2024-04-07 15:37:15,920 DEBUG   HandlerThread:3904 [system_info.py:_probe_git():189] Probing git done
2024-04-07 15:37:15,920 DEBUG   HandlerThread:3904 [system_info.py:probe():244] Probing system done
2024-04-07 15:37:15,920 DEBUG   HandlerThread:3904 [system_monitor.py:probe():223] {'os': 'Windows-10-10.0.19045-SP0', 'python': '3.11.5', 'heartbeatAt': '2024-04-07T13:37:15.868573', 'startedAt': '2024-04-07T13:37:14.319073', 'docker': None, 'cuda': None, 'args': (), 'state': 'running', 'program': 's:\\cryp-tor\\cryptotransformer.py', 'codePathLocal': 'cryptotransformer.py', 'codePath': 'cryptotransformer.py', 'git': {'remote': 'https://github.com/Mateo-drr/Cryp-Tor.git', 'commit': '1adc8a5e4fcd3bc7f89e7c68db87e7811b9fb492'}, 'email': 'mateodrr@gmail.com', 'root': 'S:/Cryp-Tor', 'host': 'DESKTOP-24KBHOO', 'username': 'Mateo-drr', 'executable': 'C:\\Users\\Mateo-drr\\AppData\\Local\\miniconda3\\python.exe', 'cpu_count': 4, 'cpu_count_logical': 8, 'cpu_freq': {'current': 3300.0, 'min': 0.0, 'max': 3300.0}, 'cpu_freq_per_core': [{'current': 3300.0, 'min': 0.0, 'max': 3300.0}], 'disk': {'/': {'total': 465.75976181030273, 'used': 22.367237091064453}}, 'gpu': 'NVIDIA GeForce RTX 2060', 'gpu_count': 1, 'gpu_devices': [{'name': 'NVIDIA GeForce RTX 2060', 'memory_total': 12884901888}], 'memory': {'total': 15.828716278076172}}
2024-04-07 15:37:15,920 INFO    HandlerThread:3904 [system_monitor.py:probe():224] Finished collecting system info
2024-04-07 15:37:15,920 INFO    HandlerThread:3904 [system_monitor.py:probe():227] Publishing system info
2024-04-07 15:37:15,920 DEBUG   HandlerThread:3904 [system_info.py:_save_pip():52] Saving list of pip packages installed into the current environment
2024-04-07 15:37:15,921 DEBUG   HandlerThread:3904 [system_info.py:_save_pip():68] Saving pip packages done
2024-04-07 15:37:15,921 DEBUG   HandlerThread:3904 [system_info.py:_save_conda():75] Saving list of conda packages installed into the current environment
2024-04-07 15:37:16,465 INFO    Thread-16 :3904 [dir_watcher.py:_on_file_created():271] file/dir created: S:\Cryp-Tor\wandb\run-20240407_153714-dlp5nac1\files\conda-environment.yaml
2024-04-07 15:37:16,465 INFO    Thread-16 :3904 [dir_watcher.py:_on_file_created():271] file/dir created: S:\Cryp-Tor\wandb\run-20240407_153714-dlp5nac1\files\requirements.txt
2024-04-07 15:37:20,241 DEBUG   HandlerThread:3904 [system_info.py:_save_conda():87] Saving conda packages done
2024-04-07 15:37:20,242 INFO    HandlerThread:3904 [system_monitor.py:probe():229] Finished publishing system info
2024-04-07 15:37:20,246 DEBUG   HandlerThread:3904 [handler.py:handle_request():146] handle_request: status_report
2024-04-07 15:37:20,247 DEBUG   SenderThread:3904 [sender.py:send():382] send: files
2024-04-07 15:37:20,247 INFO    SenderThread:3904 [sender.py:_save_file():1392] saving file wandb-metadata.json with policy now
2024-04-07 15:37:20,256 DEBUG   HandlerThread:3904 [handler.py:handle_request():146] handle_request: stop_status
2024-04-07 15:37:20,256 DEBUG   SenderThread:3904 [sender.py:send_request():409] send_request: stop_status
2024-04-07 15:37:20,258 DEBUG   HandlerThread:3904 [handler.py:handle_request():146] handle_request: internal_messages
2024-04-07 15:37:20,489 INFO    Thread-16 :3904 [dir_watcher.py:_on_file_modified():288] file/dir modified: S:\Cryp-Tor\wandb\run-20240407_153714-dlp5nac1\files\conda-environment.yaml
2024-04-07 15:37:20,489 INFO    Thread-16 :3904 [dir_watcher.py:_on_file_created():271] file/dir created: S:\Cryp-Tor\wandb\run-20240407_153714-dlp5nac1\files\wandb-metadata.json
2024-04-07 15:37:20,717 DEBUG   SenderThread:3904 [sender.py:send():382] send: telemetry
2024-04-07 15:37:21,057 INFO    wandb-upload_0:3904 [upload_job.py:push():131] Uploaded file C:\Users\MATEO-~1\AppData\Local\Temp\tmp8i19waqjwandb\anofm65f-wandb-metadata.json
2024-04-07 15:37:25,213 DEBUG   HandlerThread:3904 [handler.py:handle_request():146] handle_request: status_report
2024-04-07 15:37:25,514 INFO    Thread-16 :3904 [dir_watcher.py:_on_file_created():271] file/dir created: S:\Cryp-Tor\wandb\run-20240407_153714-dlp5nac1\files\output.log
2024-04-07 15:37:27,531 INFO    Thread-16 :3904 [dir_watcher.py:_on_file_modified():288] file/dir modified: S:\Cryp-Tor\wandb\run-20240407_153714-dlp5nac1\files\output.log
2024-04-07 15:37:29,538 INFO    Thread-16 :3904 [dir_watcher.py:_on_file_modified():288] file/dir modified: S:\Cryp-Tor\wandb\run-20240407_153714-dlp5nac1\files\output.log
2024-04-07 15:37:30,554 DEBUG   HandlerThread:3904 [handler.py:handle_request():146] handle_request: status_report
2024-04-07 15:37:31,541 INFO    Thread-16 :3904 [dir_watcher.py:_on_file_modified():288] file/dir modified: S:\Cryp-Tor\wandb\run-20240407_153714-dlp5nac1\files\output.log
2024-04-07 15:37:33,552 INFO    Thread-16 :3904 [dir_watcher.py:_on_file_modified():288] file/dir modified: S:\Cryp-Tor\wandb\run-20240407_153714-dlp5nac1\files\output.log
2024-04-07 15:37:35,263 DEBUG   HandlerThread:3904 [handler.py:handle_request():146] handle_request: internal_messages
2024-04-07 15:37:35,279 DEBUG   HandlerThread:3904 [handler.py:handle_request():146] handle_request: stop_status
2024-04-07 15:37:35,279 DEBUG   SenderThread:3904 [sender.py:send_request():409] send_request: stop_status
2024-04-07 15:37:35,567 INFO    Thread-16 :3904 [dir_watcher.py:_on_file_modified():288] file/dir modified: S:\Cryp-Tor\wandb\run-20240407_153714-dlp5nac1\files\output.log
2024-04-07 15:37:36,525 DEBUG   HandlerThread:3904 [handler.py:handle_request():146] handle_request: status_report
2024-04-07 15:37:37,579 INFO    Thread-16 :3904 [dir_watcher.py:_on_file_modified():288] file/dir modified: S:\Cryp-Tor\wandb\run-20240407_153714-dlp5nac1\files\output.log
2024-04-07 15:37:39,587 INFO    Thread-16 :3904 [dir_watcher.py:_on_file_modified():288] file/dir modified: S:\Cryp-Tor\wandb\run-20240407_153714-dlp5nac1\files\output.log
2024-04-07 15:37:41,567 DEBUG   HandlerThread:3904 [handler.py:handle_request():146] handle_request: status_report
2024-04-07 15:37:41,599 INFO    Thread-16 :3904 [dir_watcher.py:_on_file_modified():288] file/dir modified: S:\Cryp-Tor\wandb\run-20240407_153714-dlp5nac1\files\output.log
2024-04-07 15:37:43,609 INFO    Thread-16 :3904 [dir_watcher.py:_on_file_modified():288] file/dir modified: S:\Cryp-Tor\wandb\run-20240407_153714-dlp5nac1\files\output.log
2024-04-07 15:37:45,619 INFO    Thread-16 :3904 [dir_watcher.py:_on_file_modified():288] file/dir modified: S:\Cryp-Tor\wandb\run-20240407_153714-dlp5nac1\files\output.log
2024-04-07 15:37:47,076 DEBUG   HandlerThread:3904 [handler.py:handle_request():146] handle_request: status_report
2024-04-07 15:37:47,634 INFO    Thread-16 :3904 [dir_watcher.py:_on_file_modified():288] file/dir modified: S:\Cryp-Tor\wandb\run-20240407_153714-dlp5nac1\files\output.log
2024-04-07 15:37:47,634 INFO    Thread-16 :3904 [dir_watcher.py:_on_file_modified():288] file/dir modified: S:\Cryp-Tor\wandb\run-20240407_153714-dlp5nac1\files\config.yaml
2024-04-07 15:37:49,646 INFO    Thread-16 :3904 [dir_watcher.py:_on_file_modified():288] file/dir modified: S:\Cryp-Tor\wandb\run-20240407_153714-dlp5nac1\files\output.log
2024-04-07 15:37:50,268 DEBUG   HandlerThread:3904 [handler.py:handle_request():146] handle_request: internal_messages
2024-04-07 15:37:50,284 DEBUG   HandlerThread:3904 [handler.py:handle_request():146] handle_request: stop_status
2024-04-07 15:37:50,284 DEBUG   SenderThread:3904 [sender.py:send_request():409] send_request: stop_status
2024-04-07 15:37:51,655 INFO    Thread-16 :3904 [dir_watcher.py:_on_file_modified():288] file/dir modified: S:\Cryp-Tor\wandb\run-20240407_153714-dlp5nac1\files\output.log
2024-04-07 15:37:52,582 DEBUG   HandlerThread:3904 [handler.py:handle_request():146] handle_request: status_report
2024-04-07 15:37:53,668 INFO    Thread-16 :3904 [dir_watcher.py:_on_file_modified():288] file/dir modified: S:\Cryp-Tor\wandb\run-20240407_153714-dlp5nac1\files\output.log
2024-04-07 15:37:55,681 INFO    Thread-16 :3904 [dir_watcher.py:_on_file_modified():288] file/dir modified: S:\Cryp-Tor\wandb\run-20240407_153714-dlp5nac1\files\output.log
2024-04-07 15:37:57,693 INFO    Thread-16 :3904 [dir_watcher.py:_on_file_modified():288] file/dir modified: S:\Cryp-Tor\wandb\run-20240407_153714-dlp5nac1\files\output.log
2024-04-07 15:37:58,093 DEBUG   HandlerThread:3904 [handler.py:handle_request():146] handle_request: status_report
2024-04-07 15:37:59,705 INFO    Thread-16 :3904 [dir_watcher.py:_on_file_modified():288] file/dir modified: S:\Cryp-Tor\wandb\run-20240407_153714-dlp5nac1\files\output.log
2024-04-07 15:38:01,715 INFO    Thread-16 :3904 [dir_watcher.py:_on_file_modified():288] file/dir modified: S:\Cryp-Tor\wandb\run-20240407_153714-dlp5nac1\files\output.log
2024-04-07 15:38:03,612 DEBUG   HandlerThread:3904 [handler.py:handle_request():146] handle_request: status_report
2024-04-07 15:38:03,723 INFO    Thread-16 :3904 [dir_watcher.py:_on_file_modified():288] file/dir modified: S:\Cryp-Tor\wandb\run-20240407_153714-dlp5nac1\files\output.log
2024-04-07 15:38:05,274 DEBUG   HandlerThread:3904 [handler.py:handle_request():146] handle_request: internal_messages
2024-04-07 15:38:05,306 DEBUG   HandlerThread:3904 [handler.py:handle_request():146] handle_request: stop_status
2024-04-07 15:38:05,306 DEBUG   SenderThread:3904 [sender.py:send_request():409] send_request: stop_status
2024-04-07 15:38:05,737 INFO    Thread-16 :3904 [dir_watcher.py:_on_file_modified():288] file/dir modified: S:\Cryp-Tor\wandb\run-20240407_153714-dlp5nac1\files\output.log
2024-04-07 15:38:07,749 INFO    Thread-16 :3904 [dir_watcher.py:_on_file_modified():288] file/dir modified: S:\Cryp-Tor\wandb\run-20240407_153714-dlp5nac1\files\output.log
2024-04-07 15:38:09,124 DEBUG   HandlerThread:3904 [handler.py:handle_request():146] handle_request: status_report
2024-04-07 15:38:09,764 INFO    Thread-16 :3904 [dir_watcher.py:_on_file_modified():288] file/dir modified: S:\Cryp-Tor\wandb\run-20240407_153714-dlp5nac1\files\output.log
2024-04-07 15:38:11,774 INFO    Thread-16 :3904 [dir_watcher.py:_on_file_modified():288] file/dir modified: S:\Cryp-Tor\wandb\run-20240407_153714-dlp5nac1\files\output.log
2024-04-07 15:38:13,780 INFO    Thread-16 :3904 [dir_watcher.py:_on_file_modified():288] file/dir modified: S:\Cryp-Tor\wandb\run-20240407_153714-dlp5nac1\files\output.log
2024-04-07 15:38:14,635 DEBUG   HandlerThread:3904 [handler.py:handle_request():146] handle_request: status_report
2024-04-07 15:38:15,797 INFO    Thread-16 :3904 [dir_watcher.py:_on_file_modified():288] file/dir modified: S:\Cryp-Tor\wandb\run-20240407_153714-dlp5nac1\files\output.log
2024-04-07 15:38:15,861 DEBUG   SystemMonitor:3904 [system_monitor.py:_start():172] Starting system metrics aggregation loop
2024-04-07 15:38:15,861 DEBUG   SenderThread:3904 [sender.py:send():382] send: stats
2024-04-07 15:38:17,811 INFO    Thread-16 :3904 [dir_watcher.py:_on_file_modified():288] file/dir modified: S:\Cryp-Tor\wandb\run-20240407_153714-dlp5nac1\files\output.log
2024-04-07 15:38:19,823 INFO    Thread-16 :3904 [dir_watcher.py:_on_file_modified():288] file/dir modified: S:\Cryp-Tor\wandb\run-20240407_153714-dlp5nac1\files\output.log
2024-04-07 15:38:20,171 DEBUG   HandlerThread:3904 [handler.py:handle_request():146] handle_request: status_report
2024-04-07 15:38:20,283 DEBUG   HandlerThread:3904 [handler.py:handle_request():146] handle_request: internal_messages
2024-04-07 15:38:20,315 DEBUG   HandlerThread:3904 [handler.py:handle_request():146] handle_request: stop_status
2024-04-07 15:38:20,315 DEBUG   SenderThread:3904 [sender.py:send_request():409] send_request: stop_status
2024-04-07 15:38:21,831 INFO    Thread-16 :3904 [dir_watcher.py:_on_file_modified():288] file/dir modified: S:\Cryp-Tor\wandb\run-20240407_153714-dlp5nac1\files\output.log
2024-04-07 15:38:23,840 INFO    Thread-16 :3904 [dir_watcher.py:_on_file_modified():288] file/dir modified: S:\Cryp-Tor\wandb\run-20240407_153714-dlp5nac1\files\output.log
2024-04-07 15:38:25,689 DEBUG   HandlerThread:3904 [handler.py:handle_request():146] handle_request: status_report
2024-04-07 15:38:25,849 INFO    Thread-16 :3904 [dir_watcher.py:_on_file_modified():288] file/dir modified: S:\Cryp-Tor\wandb\run-20240407_153714-dlp5nac1\files\output.log
2024-04-07 15:38:27,864 INFO    Thread-16 :3904 [dir_watcher.py:_on_file_modified():288] file/dir modified: S:\Cryp-Tor\wandb\run-20240407_153714-dlp5nac1\files\output.log
2024-04-07 15:38:29,874 INFO    Thread-16 :3904 [dir_watcher.py:_on_file_modified():288] file/dir modified: S:\Cryp-Tor\wandb\run-20240407_153714-dlp5nac1\files\output.log
2024-04-07 15:38:31,218 DEBUG   HandlerThread:3904 [handler.py:handle_request():146] handle_request: status_report
2024-04-07 15:38:31,886 INFO    Thread-16 :3904 [dir_watcher.py:_on_file_modified():288] file/dir modified: S:\Cryp-Tor\wandb\run-20240407_153714-dlp5nac1\files\output.log
2024-04-07 15:38:33,898 INFO    Thread-16 :3904 [dir_watcher.py:_on_file_modified():288] file/dir modified: S:\Cryp-Tor\wandb\run-20240407_153714-dlp5nac1\files\output.log
2024-04-07 15:38:35,288 DEBUG   HandlerThread:3904 [handler.py:handle_request():146] handle_request: internal_messages
2024-04-07 15:38:35,320 DEBUG   HandlerThread:3904 [handler.py:handle_request():146] handle_request: stop_status
2024-04-07 15:38:35,320 DEBUG   SenderThread:3904 [sender.py:send_request():409] send_request: stop_status
2024-04-07 15:38:35,910 INFO    Thread-16 :3904 [dir_watcher.py:_on_file_modified():288] file/dir modified: S:\Cryp-Tor\wandb\run-20240407_153714-dlp5nac1\files\output.log
2024-04-07 15:38:36,755 DEBUG   HandlerThread:3904 [handler.py:handle_request():146] handle_request: status_report
2024-04-07 15:38:37,919 INFO    Thread-16 :3904 [dir_watcher.py:_on_file_modified():288] file/dir modified: S:\Cryp-Tor\wandb\run-20240407_153714-dlp5nac1\files\output.log
2024-04-07 15:38:39,931 INFO    Thread-16 :3904 [dir_watcher.py:_on_file_modified():288] file/dir modified: S:\Cryp-Tor\wandb\run-20240407_153714-dlp5nac1\files\output.log
2024-04-07 15:38:41,941 INFO    Thread-16 :3904 [dir_watcher.py:_on_file_modified():288] file/dir modified: S:\Cryp-Tor\wandb\run-20240407_153714-dlp5nac1\files\output.log
2024-04-07 15:38:42,293 DEBUG   HandlerThread:3904 [handler.py:handle_request():146] handle_request: status_report
2024-04-07 15:38:43,954 INFO    Thread-16 :3904 [dir_watcher.py:_on_file_modified():288] file/dir modified: S:\Cryp-Tor\wandb\run-20240407_153714-dlp5nac1\files\output.log
2024-04-07 15:38:45,870 DEBUG   SenderThread:3904 [sender.py:send():382] send: stats
2024-04-07 15:38:45,965 INFO    Thread-16 :3904 [dir_watcher.py:_on_file_modified():288] file/dir modified: S:\Cryp-Tor\wandb\run-20240407_153714-dlp5nac1\files\output.log
2024-04-07 15:38:47,834 DEBUG   HandlerThread:3904 [handler.py:handle_request():146] handle_request: status_report
2024-04-07 15:38:47,978 INFO    Thread-16 :3904 [dir_watcher.py:_on_file_modified():288] file/dir modified: S:\Cryp-Tor\wandb\run-20240407_153714-dlp5nac1\files\output.log
2024-04-07 15:38:49,986 INFO    Thread-16 :3904 [dir_watcher.py:_on_file_modified():288] file/dir modified: S:\Cryp-Tor\wandb\run-20240407_153714-dlp5nac1\files\output.log
2024-04-07 15:38:50,290 DEBUG   HandlerThread:3904 [handler.py:handle_request():146] handle_request: internal_messages
2024-04-07 15:38:50,322 DEBUG   HandlerThread:3904 [handler.py:handle_request():146] handle_request: stop_status
2024-04-07 15:38:50,322 DEBUG   SenderThread:3904 [sender.py:send_request():409] send_request: stop_status
2024-04-07 15:38:51,995 INFO    Thread-16 :3904 [dir_watcher.py:_on_file_modified():288] file/dir modified: S:\Cryp-Tor\wandb\run-20240407_153714-dlp5nac1\files\output.log
2024-04-07 15:38:53,386 DEBUG   HandlerThread:3904 [handler.py:handle_request():146] handle_request: status_report
2024-04-07 15:38:54,010 INFO    Thread-16 :3904 [dir_watcher.py:_on_file_modified():288] file/dir modified: S:\Cryp-Tor\wandb\run-20240407_153714-dlp5nac1\files\output.log
2024-04-07 15:38:56,019 INFO    Thread-16 :3904 [dir_watcher.py:_on_file_modified():288] file/dir modified: S:\Cryp-Tor\wandb\run-20240407_153714-dlp5nac1\files\output.log
2024-04-07 15:38:58,030 INFO    Thread-16 :3904 [dir_watcher.py:_on_file_modified():288] file/dir modified: S:\Cryp-Tor\wandb\run-20240407_153714-dlp5nac1\files\output.log
2024-04-07 15:38:58,926 DEBUG   HandlerThread:3904 [handler.py:handle_request():146] handle_request: status_report
2024-04-07 15:39:00,043 INFO    Thread-16 :3904 [dir_watcher.py:_on_file_modified():288] file/dir modified: S:\Cryp-Tor\wandb\run-20240407_153714-dlp5nac1\files\output.log
2024-04-07 15:39:02,053 INFO    Thread-16 :3904 [dir_watcher.py:_on_file_modified():288] file/dir modified: S:\Cryp-Tor\wandb\run-20240407_153714-dlp5nac1\files\output.log
2024-04-07 15:39:04,065 INFO    Thread-16 :3904 [dir_watcher.py:_on_file_modified():288] file/dir modified: S:\Cryp-Tor\wandb\run-20240407_153714-dlp5nac1\files\output.log
2024-04-07 15:39:04,480 DEBUG   HandlerThread:3904 [handler.py:handle_request():146] handle_request: status_report
2024-04-07 15:39:05,293 DEBUG   HandlerThread:3904 [handler.py:handle_request():146] handle_request: internal_messages
2024-04-07 15:39:05,325 DEBUG   HandlerThread:3904 [handler.py:handle_request():146] handle_request: stop_status
2024-04-07 15:39:05,325 DEBUG   SenderThread:3904 [sender.py:send_request():409] send_request: stop_status
2024-04-07 15:39:06,076 INFO    Thread-16 :3904 [dir_watcher.py:_on_file_modified():288] file/dir modified: S:\Cryp-Tor\wandb\run-20240407_153714-dlp5nac1\files\output.log
2024-04-07 15:39:08,089 INFO    Thread-16 :3904 [dir_watcher.py:_on_file_modified():288] file/dir modified: S:\Cryp-Tor\wandb\run-20240407_153714-dlp5nac1\files\output.log
2024-04-07 15:39:10,022 DEBUG   HandlerThread:3904 [handler.py:handle_request():146] handle_request: status_report
2024-04-07 15:39:10,102 INFO    Thread-16 :3904 [dir_watcher.py:_on_file_modified():288] file/dir modified: S:\Cryp-Tor\wandb\run-20240407_153714-dlp5nac1\files\output.log
2024-04-07 15:39:12,115 INFO    Thread-16 :3904 [dir_watcher.py:_on_file_modified():288] file/dir modified: S:\Cryp-Tor\wandb\run-20240407_153714-dlp5nac1\files\output.log
2024-04-07 15:39:14,125 INFO    Thread-16 :3904 [dir_watcher.py:_on_file_modified():288] file/dir modified: S:\Cryp-Tor\wandb\run-20240407_153714-dlp5nac1\files\output.log
2024-04-07 15:39:15,579 DEBUG   HandlerThread:3904 [handler.py:handle_request():146] handle_request: status_report
2024-04-07 15:39:15,882 DEBUG   SenderThread:3904 [sender.py:send():382] send: stats
2024-04-07 15:39:16,137 INFO    Thread-16 :3904 [dir_watcher.py:_on_file_modified():288] file/dir modified: S:\Cryp-Tor\wandb\run-20240407_153714-dlp5nac1\files\output.log
2024-04-07 15:39:18,148 INFO    Thread-16 :3904 [dir_watcher.py:_on_file_modified():288] file/dir modified: S:\Cryp-Tor\wandb\run-20240407_153714-dlp5nac1\files\output.log
2024-04-07 15:39:20,158 INFO    Thread-16 :3904 [dir_watcher.py:_on_file_modified():288] file/dir modified: S:\Cryp-Tor\wandb\run-20240407_153714-dlp5nac1\files\output.log
2024-04-07 15:39:20,301 DEBUG   HandlerThread:3904 [handler.py:handle_request():146] handle_request: internal_messages
2024-04-07 15:39:20,333 DEBUG   HandlerThread:3904 [handler.py:handle_request():146] handle_request: stop_status
2024-04-07 15:39:20,333 DEBUG   SenderThread:3904 [sender.py:send_request():409] send_request: stop_status
2024-04-07 15:39:21,556 DEBUG   HandlerThread:3904 [handler.py:handle_request():146] handle_request: status_report
2024-04-07 15:39:22,163 INFO    Thread-16 :3904 [dir_watcher.py:_on_file_modified():288] file/dir modified: S:\Cryp-Tor\wandb\run-20240407_153714-dlp5nac1\files\output.log
2024-04-07 15:39:24,172 INFO    Thread-16 :3904 [dir_watcher.py:_on_file_modified():288] file/dir modified: S:\Cryp-Tor\wandb\run-20240407_153714-dlp5nac1\files\output.log
2024-04-07 15:39:26,183 INFO    Thread-16 :3904 [dir_watcher.py:_on_file_modified():288] file/dir modified: S:\Cryp-Tor\wandb\run-20240407_153714-dlp5nac1\files\output.log
2024-04-07 15:39:26,692 DEBUG   HandlerThread:3904 [handler.py:handle_request():146] handle_request: status_report
2024-04-07 15:39:28,195 INFO    Thread-16 :3904 [dir_watcher.py:_on_file_modified():288] file/dir modified: S:\Cryp-Tor\wandb\run-20240407_153714-dlp5nac1\files\output.log
2024-04-07 15:39:30,204 INFO    Thread-16 :3904 [dir_watcher.py:_on_file_modified():288] file/dir modified: S:\Cryp-Tor\wandb\run-20240407_153714-dlp5nac1\files\output.log
2024-04-07 15:39:32,217 INFO    Thread-16 :3904 [dir_watcher.py:_on_file_modified():288] file/dir modified: S:\Cryp-Tor\wandb\run-20240407_153714-dlp5nac1\files\output.log
2024-04-07 15:39:32,249 DEBUG   HandlerThread:3904 [handler.py:handle_request():146] handle_request: status_report
2024-04-07 15:39:34,224 INFO    Thread-16 :3904 [dir_watcher.py:_on_file_modified():288] file/dir modified: S:\Cryp-Tor\wandb\run-20240407_153714-dlp5nac1\files\output.log
2024-04-07 15:39:35,308 DEBUG   HandlerThread:3904 [handler.py:handle_request():146] handle_request: internal_messages
2024-04-07 15:39:35,354 DEBUG   HandlerThread:3904 [handler.py:handle_request():146] handle_request: stop_status
2024-04-07 15:39:35,354 DEBUG   SenderThread:3904 [sender.py:send_request():409] send_request: stop_status
2024-04-07 15:39:36,234 INFO    Thread-16 :3904 [dir_watcher.py:_on_file_modified():288] file/dir modified: S:\Cryp-Tor\wandb\run-20240407_153714-dlp5nac1\files\output.log
2024-04-07 15:39:37,797 DEBUG   HandlerThread:3904 [handler.py:handle_request():146] handle_request: status_report
2024-04-07 15:39:38,244 INFO    Thread-16 :3904 [dir_watcher.py:_on_file_modified():288] file/dir modified: S:\Cryp-Tor\wandb\run-20240407_153714-dlp5nac1\files\output.log
2024-04-07 15:39:40,254 INFO    Thread-16 :3904 [dir_watcher.py:_on_file_modified():288] file/dir modified: S:\Cryp-Tor\wandb\run-20240407_153714-dlp5nac1\files\output.log
2024-04-07 15:39:42,268 INFO    Thread-16 :3904 [dir_watcher.py:_on_file_modified():288] file/dir modified: S:\Cryp-Tor\wandb\run-20240407_153714-dlp5nac1\files\output.log
2024-04-07 15:39:43,339 DEBUG   HandlerThread:3904 [handler.py:handle_request():146] handle_request: status_report
2024-04-07 15:39:44,282 INFO    Thread-16 :3904 [dir_watcher.py:_on_file_modified():288] file/dir modified: S:\Cryp-Tor\wandb\run-20240407_153714-dlp5nac1\files\output.log
2024-04-07 15:39:45,895 DEBUG   SenderThread:3904 [sender.py:send():382] send: stats
2024-04-07 15:39:46,295 INFO    Thread-16 :3904 [dir_watcher.py:_on_file_modified():288] file/dir modified: S:\Cryp-Tor\wandb\run-20240407_153714-dlp5nac1\files\output.log
2024-04-07 15:39:47,302 INFO    Thread-16 :3904 [dir_watcher.py:_on_file_modified():288] file/dir modified: S:\Cryp-Tor\wandb\run-20240407_153714-dlp5nac1\files\output.log
2024-04-07 15:39:48,899 DEBUG   HandlerThread:3904 [handler.py:handle_request():146] handle_request: status_report
2024-04-07 15:39:49,313 INFO    Thread-16 :3904 [dir_watcher.py:_on_file_modified():288] file/dir modified: S:\Cryp-Tor\wandb\run-20240407_153714-dlp5nac1\files\output.log
2024-04-07 15:39:50,318 DEBUG   HandlerThread:3904 [handler.py:handle_request():146] handle_request: internal_messages
2024-04-07 15:39:50,349 DEBUG   HandlerThread:3904 [handler.py:handle_request():146] handle_request: stop_status
2024-04-07 15:39:50,349 DEBUG   SenderThread:3904 [sender.py:send_request():409] send_request: stop_status
2024-04-07 15:39:51,322 INFO    Thread-16 :3904 [dir_watcher.py:_on_file_modified():288] file/dir modified: S:\Cryp-Tor\wandb\run-20240407_153714-dlp5nac1\files\output.log
2024-04-07 15:39:53,327 INFO    Thread-16 :3904 [dir_watcher.py:_on_file_modified():288] file/dir modified: S:\Cryp-Tor\wandb\run-20240407_153714-dlp5nac1\files\output.log
2024-04-07 15:39:54,665 DEBUG   HandlerThread:3904 [handler.py:handle_request():146] handle_request: status_report
2024-04-07 15:39:55,332 INFO    Thread-16 :3904 [dir_watcher.py:_on_file_modified():288] file/dir modified: S:\Cryp-Tor\wandb\run-20240407_153714-dlp5nac1\files\output.log
2024-04-07 15:39:57,355 INFO    Thread-16 :3904 [dir_watcher.py:_on_file_modified():288] file/dir modified: S:\Cryp-Tor\wandb\run-20240407_153714-dlp5nac1\files\output.log
2024-04-07 15:39:59,358 INFO    Thread-16 :3904 [dir_watcher.py:_on_file_modified():288] file/dir modified: S:\Cryp-Tor\wandb\run-20240407_153714-dlp5nac1\files\output.log
2024-04-07 15:40:00,395 DEBUG   HandlerThread:3904 [handler.py:handle_request():146] handle_request: status_report
2024-04-07 15:40:01,366 INFO    Thread-16 :3904 [dir_watcher.py:_on_file_modified():288] file/dir modified: S:\Cryp-Tor\wandb\run-20240407_153714-dlp5nac1\files\output.log
2024-04-07 15:40:03,375 INFO    Thread-16 :3904 [dir_watcher.py:_on_file_modified():288] file/dir modified: S:\Cryp-Tor\wandb\run-20240407_153714-dlp5nac1\files\output.log
2024-04-07 15:40:05,325 DEBUG   HandlerThread:3904 [handler.py:handle_request():146] handle_request: internal_messages
2024-04-07 15:40:05,373 DEBUG   HandlerThread:3904 [handler.py:handle_request():146] handle_request: stop_status
2024-04-07 15:40:05,373 DEBUG   SenderThread:3904 [sender.py:send_request():409] send_request: stop_status
2024-04-07 15:40:05,389 INFO    Thread-16 :3904 [dir_watcher.py:_on_file_modified():288] file/dir modified: S:\Cryp-Tor\wandb\run-20240407_153714-dlp5nac1\files\output.log
2024-04-07 15:40:05,657 DEBUG   HandlerThread:3904 [handler.py:handle_request():146] handle_request: status_report
2024-04-07 15:40:07,392 INFO    Thread-16 :3904 [dir_watcher.py:_on_file_modified():288] file/dir modified: S:\Cryp-Tor\wandb\run-20240407_153714-dlp5nac1\files\output.log
2024-04-07 15:40:09,394 INFO    Thread-16 :3904 [dir_watcher.py:_on_file_modified():288] file/dir modified: S:\Cryp-Tor\wandb\run-20240407_153714-dlp5nac1\files\output.log
2024-04-07 15:40:11,403 INFO    Thread-16 :3904 [dir_watcher.py:_on_file_modified():288] file/dir modified: S:\Cryp-Tor\wandb\run-20240407_153714-dlp5nac1\files\output.log
2024-04-07 15:40:11,595 DEBUG   HandlerThread:3904 [handler.py:handle_request():146] handle_request: status_report
2024-04-07 15:40:13,413 INFO    Thread-16 :3904 [dir_watcher.py:_on_file_modified():288] file/dir modified: S:\Cryp-Tor\wandb\run-20240407_153714-dlp5nac1\files\output.log
2024-04-07 15:40:15,430 INFO    Thread-16 :3904 [dir_watcher.py:_on_file_modified():288] file/dir modified: S:\Cryp-Tor\wandb\run-20240407_153714-dlp5nac1\files\output.log
2024-04-07 15:40:15,909 DEBUG   SenderThread:3904 [sender.py:send():382] send: stats
2024-04-07 15:40:17,140 DEBUG   HandlerThread:3904 [handler.py:handle_request():146] handle_request: status_report
2024-04-07 15:40:17,441 INFO    Thread-16 :3904 [dir_watcher.py:_on_file_modified():288] file/dir modified: S:\Cryp-Tor\wandb\run-20240407_153714-dlp5nac1\files\output.log
2024-04-07 15:40:19,454 INFO    Thread-16 :3904 [dir_watcher.py:_on_file_modified():288] file/dir modified: S:\Cryp-Tor\wandb\run-20240407_153714-dlp5nac1\files\output.log
2024-04-07 15:40:20,340 DEBUG   HandlerThread:3904 [handler.py:handle_request():146] handle_request: internal_messages
2024-04-07 15:40:20,388 DEBUG   HandlerThread:3904 [handler.py:handle_request():146] handle_request: stop_status
2024-04-07 15:40:20,388 DEBUG   SenderThread:3904 [sender.py:send_request():409] send_request: stop_status
2024-04-07 15:40:21,472 INFO    Thread-16 :3904 [dir_watcher.py:_on_file_modified():288] file/dir modified: S:\Cryp-Tor\wandb\run-20240407_153714-dlp5nac1\files\output.log
2024-04-07 15:40:22,897 DEBUG   HandlerThread:3904 [handler.py:handle_request():146] handle_request: status_report
2024-04-07 15:40:23,484 INFO    Thread-16 :3904 [dir_watcher.py:_on_file_modified():288] file/dir modified: S:\Cryp-Tor\wandb\run-20240407_153714-dlp5nac1\files\output.log
2024-04-07 15:40:25,491 INFO    Thread-16 :3904 [dir_watcher.py:_on_file_modified():288] file/dir modified: S:\Cryp-Tor\wandb\run-20240407_153714-dlp5nac1\files\output.log
2024-04-07 15:40:27,511 INFO    Thread-16 :3904 [dir_watcher.py:_on_file_modified():288] file/dir modified: S:\Cryp-Tor\wandb\run-20240407_153714-dlp5nac1\files\output.log
2024-04-07 15:40:28,451 DEBUG   HandlerThread:3904 [handler.py:handle_request():146] handle_request: status_report
2024-04-07 15:40:29,527 INFO    Thread-16 :3904 [dir_watcher.py:_on_file_modified():288] file/dir modified: S:\Cryp-Tor\wandb\run-20240407_153714-dlp5nac1\files\output.log
2024-04-07 15:40:31,539 INFO    Thread-16 :3904 [dir_watcher.py:_on_file_modified():288] file/dir modified: S:\Cryp-Tor\wandb\run-20240407_153714-dlp5nac1\files\output.log
2024-04-07 15:40:33,552 INFO    Thread-16 :3904 [dir_watcher.py:_on_file_modified():288] file/dir modified: S:\Cryp-Tor\wandb\run-20240407_153714-dlp5nac1\files\output.log
2024-04-07 15:40:34,207 DEBUG   HandlerThread:3904 [handler.py:handle_request():146] handle_request: status_report
2024-04-07 15:40:35,340 DEBUG   HandlerThread:3904 [handler.py:handle_request():146] handle_request: internal_messages
2024-04-07 15:40:35,388 DEBUG   HandlerThread:3904 [handler.py:handle_request():146] handle_request: stop_status
2024-04-07 15:40:35,389 DEBUG   SenderThread:3904 [sender.py:send_request():409] send_request: stop_status
2024-04-07 15:40:35,564 INFO    Thread-16 :3904 [dir_watcher.py:_on_file_modified():288] file/dir modified: S:\Cryp-Tor\wandb\run-20240407_153714-dlp5nac1\files\output.log
2024-04-07 15:40:37,573 INFO    Thread-16 :3904 [dir_watcher.py:_on_file_modified():288] file/dir modified: S:\Cryp-Tor\wandb\run-20240407_153714-dlp5nac1\files\output.log
2024-04-07 15:40:39,589 INFO    Thread-16 :3904 [dir_watcher.py:_on_file_modified():288] file/dir modified: S:\Cryp-Tor\wandb\run-20240407_153714-dlp5nac1\files\output.log
2024-04-07 15:40:39,765 DEBUG   HandlerThread:3904 [handler.py:handle_request():146] handle_request: status_report
2024-04-07 15:40:41,603 INFO    Thread-16 :3904 [dir_watcher.py:_on_file_modified():288] file/dir modified: S:\Cryp-Tor\wandb\run-20240407_153714-dlp5nac1\files\output.log
2024-04-07 15:40:43,623 INFO    Thread-16 :3904 [dir_watcher.py:_on_file_modified():288] file/dir modified: S:\Cryp-Tor\wandb\run-20240407_153714-dlp5nac1\files\output.log
2024-04-07 15:40:45,509 DEBUG   HandlerThread:3904 [handler.py:handle_request():146] handle_request: status_report
2024-04-07 15:40:45,637 INFO    Thread-16 :3904 [dir_watcher.py:_on_file_modified():288] file/dir modified: S:\Cryp-Tor\wandb\run-20240407_153714-dlp5nac1\files\output.log
2024-04-07 15:40:45,909 DEBUG   SenderThread:3904 [sender.py:send():382] send: stats
2024-04-07 15:40:47,644 INFO    Thread-16 :3904 [dir_watcher.py:_on_file_modified():288] file/dir modified: S:\Cryp-Tor\wandb\run-20240407_153714-dlp5nac1\files\output.log
2024-04-07 15:40:49,653 INFO    Thread-16 :3904 [dir_watcher.py:_on_file_modified():288] file/dir modified: S:\Cryp-Tor\wandb\run-20240407_153714-dlp5nac1\files\output.log
2024-04-07 15:40:50,356 DEBUG   HandlerThread:3904 [handler.py:handle_request():146] handle_request: internal_messages
2024-04-07 15:40:50,388 DEBUG   HandlerThread:3904 [handler.py:handle_request():146] handle_request: stop_status
2024-04-07 15:40:50,388 DEBUG   SenderThread:3904 [sender.py:send_request():409] send_request: stop_status
2024-04-07 15:40:50,653 DEBUG   HandlerThread:3904 [handler.py:handle_request():146] handle_request: status_report
2024-04-07 15:40:51,673 INFO    Thread-16 :3904 [dir_watcher.py:_on_file_modified():288] file/dir modified: S:\Cryp-Tor\wandb\run-20240407_153714-dlp5nac1\files\output.log
2024-04-07 15:40:53,699 INFO    Thread-16 :3904 [dir_watcher.py:_on_file_modified():288] file/dir modified: S:\Cryp-Tor\wandb\run-20240407_153714-dlp5nac1\files\output.log
2024-04-07 15:40:55,708 INFO    Thread-16 :3904 [dir_watcher.py:_on_file_modified():288] file/dir modified: S:\Cryp-Tor\wandb\run-20240407_153714-dlp5nac1\files\output.log
2024-04-07 15:40:55,808 DEBUG   HandlerThread:3904 [handler.py:handle_request():146] handle_request: status_report
2024-04-07 15:40:57,718 INFO    Thread-16 :3904 [dir_watcher.py:_on_file_modified():288] file/dir modified: S:\Cryp-Tor\wandb\run-20240407_153714-dlp5nac1\files\output.log
2024-04-07 15:40:59,726 INFO    Thread-16 :3904 [dir_watcher.py:_on_file_modified():288] file/dir modified: S:\Cryp-Tor\wandb\run-20240407_153714-dlp5nac1\files\output.log
2024-04-07 15:41:01,364 DEBUG   HandlerThread:3904 [handler.py:handle_request():146] handle_request: status_report
2024-04-07 15:41:01,734 INFO    Thread-16 :3904 [dir_watcher.py:_on_file_modified():288] file/dir modified: S:\Cryp-Tor\wandb\run-20240407_153714-dlp5nac1\files\output.log
2024-04-07 15:41:03,742 INFO    Thread-16 :3904 [dir_watcher.py:_on_file_modified():288] file/dir modified: S:\Cryp-Tor\wandb\run-20240407_153714-dlp5nac1\files\output.log
2024-04-07 15:41:05,366 DEBUG   HandlerThread:3904 [handler.py:handle_request():146] handle_request: internal_messages
2024-04-07 15:41:05,398 DEBUG   HandlerThread:3904 [handler.py:handle_request():146] handle_request: stop_status
2024-04-07 15:41:05,398 DEBUG   SenderThread:3904 [sender.py:send_request():409] send_request: stop_status
2024-04-07 15:41:05,746 INFO    Thread-16 :3904 [dir_watcher.py:_on_file_modified():288] file/dir modified: S:\Cryp-Tor\wandb\run-20240407_153714-dlp5nac1\files\output.log
2024-04-07 15:41:06,624 DEBUG   HandlerThread:3904 [handler.py:handle_request():146] handle_request: status_report
2024-04-07 15:41:07,758 INFO    Thread-16 :3904 [dir_watcher.py:_on_file_modified():288] file/dir modified: S:\Cryp-Tor\wandb\run-20240407_153714-dlp5nac1\files\output.log
2024-04-07 15:41:09,765 INFO    Thread-16 :3904 [dir_watcher.py:_on_file_modified():288] file/dir modified: S:\Cryp-Tor\wandb\run-20240407_153714-dlp5nac1\files\output.log
2024-04-07 15:41:11,772 INFO    Thread-16 :3904 [dir_watcher.py:_on_file_modified():288] file/dir modified: S:\Cryp-Tor\wandb\run-20240407_153714-dlp5nac1\files\output.log
2024-04-07 15:41:11,836 DEBUG   HandlerThread:3904 [handler.py:handle_request():146] handle_request: status_report
2024-04-07 15:41:13,780 INFO    Thread-16 :3904 [dir_watcher.py:_on_file_modified():288] file/dir modified: S:\Cryp-Tor\wandb\run-20240407_153714-dlp5nac1\files\output.log
2024-04-07 15:41:15,791 INFO    Thread-16 :3904 [dir_watcher.py:_on_file_modified():288] file/dir modified: S:\Cryp-Tor\wandb\run-20240407_153714-dlp5nac1\files\output.log
2024-04-07 15:41:15,919 DEBUG   SenderThread:3904 [sender.py:send():382] send: stats
2024-04-07 15:41:17,519 DEBUG   HandlerThread:3904 [handler.py:handle_request():146] handle_request: status_report
2024-04-07 15:41:17,807 INFO    Thread-16 :3904 [dir_watcher.py:_on_file_modified():288] file/dir modified: S:\Cryp-Tor\wandb\run-20240407_153714-dlp5nac1\files\output.log
2024-04-07 15:41:19,813 INFO    Thread-16 :3904 [dir_watcher.py:_on_file_modified():288] file/dir modified: S:\Cryp-Tor\wandb\run-20240407_153714-dlp5nac1\files\output.log
2024-04-07 15:41:20,369 DEBUG   HandlerThread:3904 [handler.py:handle_request():146] handle_request: internal_messages
2024-04-07 15:41:20,401 DEBUG   HandlerThread:3904 [handler.py:handle_request():146] handle_request: stop_status
2024-04-07 15:41:20,401 DEBUG   SenderThread:3904 [sender.py:send_request():409] send_request: stop_status
2024-04-07 15:41:21,821 INFO    Thread-16 :3904 [dir_watcher.py:_on_file_modified():288] file/dir modified: S:\Cryp-Tor\wandb\run-20240407_153714-dlp5nac1\files\output.log
2024-04-07 15:41:23,132 DEBUG   HandlerThread:3904 [handler.py:handle_request():146] handle_request: status_report
2024-04-07 15:41:23,835 INFO    Thread-16 :3904 [dir_watcher.py:_on_file_modified():288] file/dir modified: S:\Cryp-Tor\wandb\run-20240407_153714-dlp5nac1\files\output.log
2024-04-07 15:41:25,846 INFO    Thread-16 :3904 [dir_watcher.py:_on_file_modified():288] file/dir modified: S:\Cryp-Tor\wandb\run-20240407_153714-dlp5nac1\files\output.log
2024-04-07 15:41:27,858 INFO    Thread-16 :3904 [dir_watcher.py:_on_file_modified():288] file/dir modified: S:\Cryp-Tor\wandb\run-20240407_153714-dlp5nac1\files\output.log
2024-04-07 15:41:28,824 DEBUG   HandlerThread:3904 [handler.py:handle_request():146] handle_request: status_report
2024-04-07 15:41:29,877 INFO    Thread-16 :3904 [dir_watcher.py:_on_file_modified():288] file/dir modified: S:\Cryp-Tor\wandb\run-20240407_153714-dlp5nac1\files\output.log
2024-04-07 15:41:31,887 INFO    Thread-16 :3904 [dir_watcher.py:_on_file_modified():288] file/dir modified: S:\Cryp-Tor\wandb\run-20240407_153714-dlp5nac1\files\output.log
2024-04-07 15:41:33,901 INFO    Thread-16 :3904 [dir_watcher.py:_on_file_modified():288] file/dir modified: S:\Cryp-Tor\wandb\run-20240407_153714-dlp5nac1\files\output.log
2024-04-07 15:41:34,460 DEBUG   HandlerThread:3904 [handler.py:handle_request():146] handle_request: status_report
2024-04-07 15:41:35,383 DEBUG   HandlerThread:3904 [handler.py:handle_request():146] handle_request: internal_messages
2024-04-07 15:41:35,415 DEBUG   HandlerThread:3904 [handler.py:handle_request():146] handle_request: stop_status
2024-04-07 15:41:35,415 DEBUG   SenderThread:3904 [sender.py:send_request():409] send_request: stop_status
2024-04-07 15:41:35,909 INFO    Thread-16 :3904 [dir_watcher.py:_on_file_modified():288] file/dir modified: S:\Cryp-Tor\wandb\run-20240407_153714-dlp5nac1\files\output.log
2024-04-07 15:41:37,928 INFO    Thread-16 :3904 [dir_watcher.py:_on_file_modified():288] file/dir modified: S:\Cryp-Tor\wandb\run-20240407_153714-dlp5nac1\files\output.log
2024-04-07 15:41:39,955 INFO    Thread-16 :3904 [dir_watcher.py:_on_file_modified():288] file/dir modified: S:\Cryp-Tor\wandb\run-20240407_153714-dlp5nac1\files\output.log
2024-04-07 15:41:40,128 DEBUG   HandlerThread:3904 [handler.py:handle_request():146] handle_request: status_report
2024-04-07 15:41:41,960 INFO    Thread-16 :3904 [dir_watcher.py:_on_file_modified():288] file/dir modified: S:\Cryp-Tor\wandb\run-20240407_153714-dlp5nac1\files\output.log
2024-04-07 15:41:43,974 INFO    Thread-16 :3904 [dir_watcher.py:_on_file_modified():288] file/dir modified: S:\Cryp-Tor\wandb\run-20240407_153714-dlp5nac1\files\output.log
2024-04-07 15:41:45,764 DEBUG   HandlerThread:3904 [handler.py:handle_request():146] handle_request: status_report
2024-04-07 15:41:45,924 DEBUG   SenderThread:3904 [sender.py:send():382] send: stats
2024-04-07 15:41:45,988 INFO    Thread-16 :3904 [dir_watcher.py:_on_file_modified():288] file/dir modified: S:\Cryp-Tor\wandb\run-20240407_153714-dlp5nac1\files\output.log
2024-04-07 15:41:48,001 INFO    Thread-16 :3904 [dir_watcher.py:_on_file_modified():288] file/dir modified: S:\Cryp-Tor\wandb\run-20240407_153714-dlp5nac1\files\output.log
2024-04-07 15:41:50,017 INFO    Thread-16 :3904 [dir_watcher.py:_on_file_modified():288] file/dir modified: S:\Cryp-Tor\wandb\run-20240407_153714-dlp5nac1\files\output.log
2024-04-07 15:41:50,396 DEBUG   HandlerThread:3904 [handler.py:handle_request():146] handle_request: internal_messages
2024-04-07 15:41:50,411 DEBUG   HandlerThread:3904 [handler.py:handle_request():146] handle_request: stop_status
2024-04-07 15:41:50,411 DEBUG   SenderThread:3904 [sender.py:send_request():409] send_request: stop_status
2024-04-07 15:41:51,665 DEBUG   HandlerThread:3904 [handler.py:handle_request():146] handle_request: status_report
2024-04-07 15:41:52,044 INFO    Thread-16 :3904 [dir_watcher.py:_on_file_modified():288] file/dir modified: S:\Cryp-Tor\wandb\run-20240407_153714-dlp5nac1\files\output.log
2024-04-07 15:41:54,055 INFO    Thread-16 :3904 [dir_watcher.py:_on_file_modified():288] file/dir modified: S:\Cryp-Tor\wandb\run-20240407_153714-dlp5nac1\files\output.log
2024-04-07 15:41:56,077 INFO    Thread-16 :3904 [dir_watcher.py:_on_file_modified():288] file/dir modified: S:\Cryp-Tor\wandb\run-20240407_153714-dlp5nac1\files\output.log
2024-04-07 15:41:57,069 DEBUG   HandlerThread:3904 [handler.py:handle_request():146] handle_request: status_report
2024-04-07 15:41:58,089 INFO    Thread-16 :3904 [dir_watcher.py:_on_file_modified():288] file/dir modified: S:\Cryp-Tor\wandb\run-20240407_153714-dlp5nac1\files\output.log
2024-04-07 15:42:00,101 INFO    Thread-16 :3904 [dir_watcher.py:_on_file_modified():288] file/dir modified: S:\Cryp-Tor\wandb\run-20240407_153714-dlp5nac1\files\output.log
2024-04-07 15:42:02,131 INFO    Thread-16 :3904 [dir_watcher.py:_on_file_modified():288] file/dir modified: S:\Cryp-Tor\wandb\run-20240407_153714-dlp5nac1\files\output.log
2024-04-07 15:42:02,733 DEBUG   HandlerThread:3904 [handler.py:handle_request():146] handle_request: status_report
2024-04-07 15:42:04,149 INFO    Thread-16 :3904 [dir_watcher.py:_on_file_modified():288] file/dir modified: S:\Cryp-Tor\wandb\run-20240407_153714-dlp5nac1\files\output.log
2024-04-07 15:42:05,411 DEBUG   HandlerThread:3904 [handler.py:handle_request():146] handle_request: internal_messages
2024-04-07 15:42:05,427 DEBUG   HandlerThread:3904 [handler.py:handle_request():146] handle_request: stop_status
2024-04-07 15:42:05,427 DEBUG   SenderThread:3904 [sender.py:send_request():409] send_request: stop_status
2024-04-07 15:42:06,160 INFO    Thread-16 :3904 [dir_watcher.py:_on_file_modified():288] file/dir modified: S:\Cryp-Tor\wandb\run-20240407_153714-dlp5nac1\files\output.log
2024-04-07 15:42:08,166 INFO    Thread-16 :3904 [dir_watcher.py:_on_file_modified():288] file/dir modified: S:\Cryp-Tor\wandb\run-20240407_153714-dlp5nac1\files\output.log
2024-04-07 15:42:08,386 DEBUG   HandlerThread:3904 [handler.py:handle_request():146] handle_request: status_report
2024-04-07 15:42:10,173 INFO    Thread-16 :3904 [dir_watcher.py:_on_file_modified():288] file/dir modified: S:\Cryp-Tor\wandb\run-20240407_153714-dlp5nac1\files\output.log
2024-04-07 15:42:12,179 INFO    Thread-16 :3904 [dir_watcher.py:_on_file_modified():288] file/dir modified: S:\Cryp-Tor\wandb\run-20240407_153714-dlp5nac1\files\output.log
2024-04-07 15:42:14,062 DEBUG   HandlerThread:3904 [handler.py:handle_request():146] handle_request: status_report
2024-04-07 15:42:14,205 INFO    Thread-16 :3904 [dir_watcher.py:_on_file_modified():288] file/dir modified: S:\Cryp-Tor\wandb\run-20240407_153714-dlp5nac1\files\output.log
2024-04-07 15:42:15,939 DEBUG   SenderThread:3904 [sender.py:send():382] send: stats
2024-04-07 15:42:16,211 INFO    Thread-16 :3904 [dir_watcher.py:_on_file_modified():288] file/dir modified: S:\Cryp-Tor\wandb\run-20240407_153714-dlp5nac1\files\output.log
2024-04-07 15:42:18,223 INFO    Thread-16 :3904 [dir_watcher.py:_on_file_modified():288] file/dir modified: S:\Cryp-Tor\wandb\run-20240407_153714-dlp5nac1\files\output.log
2024-04-07 15:42:19,706 DEBUG   HandlerThread:3904 [handler.py:handle_request():146] handle_request: status_report
2024-04-07 15:42:20,231 INFO    Thread-16 :3904 [dir_watcher.py:_on_file_modified():288] file/dir modified: S:\Cryp-Tor\wandb\run-20240407_153714-dlp5nac1\files\output.log
2024-04-07 15:42:20,422 DEBUG   HandlerThread:3904 [handler.py:handle_request():146] handle_request: internal_messages
2024-04-07 15:42:20,453 DEBUG   HandlerThread:3904 [handler.py:handle_request():146] handle_request: stop_status
2024-04-07 15:42:20,453 DEBUG   SenderThread:3904 [sender.py:send_request():409] send_request: stop_status
2024-04-07 15:42:25,492 DEBUG   HandlerThread:3904 [handler.py:handle_request():146] handle_request: keepalive
2024-04-07 15:42:30,517 DEBUG   HandlerThread:3904 [handler.py:handle_request():146] handle_request: keepalive
2024-04-07 15:42:35,433 DEBUG   HandlerThread:3904 [handler.py:handle_request():146] handle_request: internal_messages
2024-04-07 15:42:40,572 DEBUG   HandlerThread:3904 [handler.py:handle_request():146] handle_request: keepalive
2024-04-07 15:42:45,601 DEBUG   HandlerThread:3904 [handler.py:handle_request():146] handle_request: keepalive
2024-04-07 15:42:50,435 DEBUG   HandlerThread:3904 [handler.py:handle_request():146] handle_request: internal_messages
2024-04-07 15:42:55,657 DEBUG   HandlerThread:3904 [handler.py:handle_request():146] handle_request: keepalive
2024-04-07 15:43:00,065 INFO    SenderThread:3904 [retry.py:__call__():172] Retry attempt failed:
Traceback (most recent call last):
  File "C:\Users\Mateo-drr\AppData\Local\miniconda3\Lib\site-packages\urllib3\connection.py", line 174, in _new_conn
    conn = connection.create_connection(
           ^^^^^^^^^^^^^^^^^^^^^^^^^^^^^
  File "C:\Users\Mateo-drr\AppData\Local\miniconda3\Lib\site-packages\urllib3\util\connection.py", line 72, in create_connection
    for res in socket.getaddrinfo(host, port, family, socket.SOCK_STREAM):
               ^^^^^^^^^^^^^^^^^^^^^^^^^^^^^^^^^^^^^^^^^^^^^^^^^^^^^^^^^^
  File "C:\Users\Mateo-drr\AppData\Local\miniconda3\Lib\socket.py", line 962, in getaddrinfo
    for res in _socket.getaddrinfo(host, port, family, type, proto, flags):
               ^^^^^^^^^^^^^^^^^^^^^^^^^^^^^^^^^^^^^^^^^^^^^^^^^^^^^^^^^^^
socket.gaierror: [Errno 11001] getaddrinfo failed

During handling of the above exception, another exception occurred:

Traceback (most recent call last):
  File "C:\Users\Mateo-drr\AppData\Local\miniconda3\Lib\site-packages\urllib3\connectionpool.py", line 715, in urlopen
    httplib_response = self._make_request(
                       ^^^^^^^^^^^^^^^^^^^
  File "C:\Users\Mateo-drr\AppData\Local\miniconda3\Lib\site-packages\urllib3\connectionpool.py", line 404, in _make_request
    self._validate_conn(conn)
  File "C:\Users\Mateo-drr\AppData\Local\miniconda3\Lib\site-packages\urllib3\connectionpool.py", line 1058, in _validate_conn
    conn.connect()
  File "C:\Users\Mateo-drr\AppData\Local\miniconda3\Lib\site-packages\urllib3\connection.py", line 363, in connect
    self.sock = conn = self._new_conn()
                       ^^^^^^^^^^^^^^^^
  File "C:\Users\Mateo-drr\AppData\Local\miniconda3\Lib\site-packages\urllib3\connection.py", line 186, in _new_conn
    raise NewConnectionError(
urllib3.exceptions.NewConnectionError: <urllib3.connection.HTTPSConnection object at 0x0000025F043EFD90>: Failed to establish a new connection: [Errno 11001] getaddrinfo failed

During handling of the above exception, another exception occurred:

Traceback (most recent call last):
  File "C:\Users\Mateo-drr\AppData\Local\miniconda3\Lib\site-packages\requests\adapters.py", line 486, in send
    resp = conn.urlopen(
           ^^^^^^^^^^^^^
  File "C:\Users\Mateo-drr\AppData\Local\miniconda3\Lib\site-packages\urllib3\connectionpool.py", line 799, in urlopen
    retries = retries.increment(
              ^^^^^^^^^^^^^^^^^^
  File "C:\Users\Mateo-drr\AppData\Local\miniconda3\Lib\site-packages\urllib3\util\retry.py", line 592, in increment
    raise MaxRetryError(_pool, url, error or ResponseError(cause))
urllib3.exceptions.MaxRetryError: HTTPSConnectionPool(host='api.wandb.ai', port=443): Max retries exceeded with url: /graphql (Caused by NewConnectionError('<urllib3.connection.HTTPSConnection object at 0x0000025F043EFD90>: Failed to establish a new connection: [Errno 11001] getaddrinfo failed'))

During handling of the above exception, another exception occurred:

Traceback (most recent call last):
  File "C:\Users\Mateo-drr\AppData\Local\miniconda3\Lib\site-packages\wandb\sdk\lib\retry.py", line 131, in __call__
    result = self._call_fn(*args, **kwargs)
             ^^^^^^^^^^^^^^^^^^^^^^^^^^^^^^
  File "C:\Users\Mateo-drr\AppData\Local\miniconda3\Lib\site-packages\wandb\sdk\internal\internal_api.py", line 369, in execute
    return self.client.execute(*args, **kwargs)  # type: ignore
           ^^^^^^^^^^^^^^^^^^^^^^^^^^^^^^^^^^^^
  File "C:\Users\Mateo-drr\AppData\Local\miniconda3\Lib\site-packages\wandb\vendor\gql-0.2.0\wandb_gql\client.py", line 52, in execute
    result = self._get_result(document, *args, **kwargs)
             ^^^^^^^^^^^^^^^^^^^^^^^^^^^^^^^^^^^^^^^^^^^
  File "C:\Users\Mateo-drr\AppData\Local\miniconda3\Lib\site-packages\wandb\vendor\gql-0.2.0\wandb_gql\client.py", line 60, in _get_result
    return self.transport.execute(document, *args, **kwargs)
           ^^^^^^^^^^^^^^^^^^^^^^^^^^^^^^^^^^^^^^^^^^^^^^^^^
  File "C:\Users\Mateo-drr\AppData\Local\miniconda3\Lib\site-packages\wandb\sdk\lib\gql_request.py", line 58, in execute
    request = self.session.post(self.url, **post_args)
              ^^^^^^^^^^^^^^^^^^^^^^^^^^^^^^^^^^^^^^^^
  File "C:\Users\Mateo-drr\AppData\Local\miniconda3\Lib\site-packages\requests\sessions.py", line 637, in post
    return self.request("POST", url, data=data, json=json, **kwargs)
           ^^^^^^^^^^^^^^^^^^^^^^^^^^^^^^^^^^^^^^^^^^^^^^^^^^^^^^^^^
  File "C:\Users\Mateo-drr\AppData\Local\miniconda3\Lib\site-packages\requests\sessions.py", line 589, in request
    resp = self.send(prep, **send_kwargs)
           ^^^^^^^^^^^^^^^^^^^^^^^^^^^^^^
  File "C:\Users\Mateo-drr\AppData\Local\miniconda3\Lib\site-packages\requests\sessions.py", line 703, in send
    r = adapter.send(request, **kwargs)
        ^^^^^^^^^^^^^^^^^^^^^^^^^^^^^^^
  File "C:\Users\Mateo-drr\AppData\Local\miniconda3\Lib\site-packages\requests\adapters.py", line 519, in send
    raise ConnectionError(e, request=request)
requests.exceptions.ConnectionError: HTTPSConnectionPool(host='api.wandb.ai', port=443): Max retries exceeded with url: /graphql (Caused by NewConnectionError('<urllib3.connection.HTTPSConnection object at 0x0000025F043EFD90>: Failed to establish a new connection: [Errno 11001] getaddrinfo failed'))
2024-04-07 15:43:00,689 DEBUG   HandlerThread:3904 [handler.py:handle_request():146] handle_request: keepalive
2024-04-07 15:43:05,437 DEBUG   HandlerThread:3904 [handler.py:handle_request():146] handle_request: internal_messages
2024-04-07 15:43:10,756 DEBUG   HandlerThread:3904 [handler.py:handle_request():146] handle_request: keepalive
2024-04-07 15:43:15,787 DEBUG   HandlerThread:3904 [handler.py:handle_request():146] handle_request: keepalive
2024-04-07 15:43:16,823 DEBUG   HandlerThread:3904 [handler.py:handle_request():146] handle_request: partial_history
2024-04-07 15:43:20,439 DEBUG   HandlerThread:3904 [handler.py:handle_request():146] handle_request: internal_messages
2024-04-07 15:43:25,847 DEBUG   HandlerThread:3904 [handler.py:handle_request():146] handle_request: keepalive
2024-04-07 15:43:30,894 DEBUG   HandlerThread:3904 [handler.py:handle_request():146] handle_request: keepalive
2024-04-07 15:43:35,450 DEBUG   HandlerThread:3904 [handler.py:handle_request():146] handle_request: internal_messages
2024-04-07 15:43:35,608 DEBUG   SenderThread:3904 [sender.py:send():382] send: stats
2024-04-07 15:43:35,608 DEBUG   HandlerThread:3904 [handler.py:handle_request():146] handle_request: status_report
2024-04-07 15:43:35,608 DEBUG   SenderThread:3904 [sender.py:send():382] send: stats
2024-04-07 15:43:35,609 DEBUG   SenderThread:3904 [sender.py:send():382] send: history
2024-04-07 15:43:35,609 DEBUG   SenderThread:3904 [sender.py:send_request():409] send_request: summary_record
2024-04-07 15:43:35,611 INFO    SenderThread:3904 [sender.py:_save_file():1392] saving file wandb-summary.json with policy end
2024-04-07 15:43:35,733 INFO    Thread-16 :3904 [dir_watcher.py:_on_file_created():271] file/dir created: S:\Cryp-Tor\wandb\run-20240407_153714-dlp5nac1\files\wandb-summary.json
2024-04-07 15:43:37,739 INFO    Thread-16 :3904 [dir_watcher.py:_on_file_modified():288] file/dir modified: S:\Cryp-Tor\wandb\run-20240407_153714-dlp5nac1\files\output.log
2024-04-07 15:43:40,664 DEBUG   HandlerThread:3904 [handler.py:handle_request():146] handle_request: status_report
2024-04-07 15:43:40,992 DEBUG   HandlerThread:3904 [handler.py:handle_request():146] handle_request: keepalive
2024-04-07 15:43:45,716 DEBUG   HandlerThread:3904 [handler.py:handle_request():146] handle_request: status_report
2024-04-07 15:43:45,967 DEBUG   SenderThread:3904 [sender.py:send():382] send: stats
2024-04-07 15:43:46,043 DEBUG   HandlerThread:3904 [handler.py:handle_request():146] handle_request: keepalive
2024-04-07 15:43:50,452 DEBUG   HandlerThread:3904 [handler.py:handle_request():146] handle_request: internal_messages
2024-04-07 15:43:51,030 DEBUG   HandlerThread:3904 [handler.py:handle_request():146] handle_request: status_report
2024-04-07 15:43:56,074 DEBUG   HandlerThread:3904 [handler.py:handle_request():146] handle_request: status_report
2024-04-07 15:43:56,152 DEBUG   HandlerThread:3904 [handler.py:handle_request():146] handle_request: keepalive
2024-04-07 15:44:01,129 DEBUG   HandlerThread:3904 [handler.py:handle_request():146] handle_request: status_report
2024-04-07 15:44:01,207 DEBUG   HandlerThread:3904 [handler.py:handle_request():146] handle_request: keepalive
2024-04-07 15:44:05,462 DEBUG   HandlerThread:3904 [handler.py:handle_request():146] handle_request: internal_messages
2024-04-07 15:44:06,192 DEBUG   HandlerThread:3904 [handler.py:handle_request():146] handle_request: status_report
2024-04-07 15:44:11,246 DEBUG   HandlerThread:3904 [handler.py:handle_request():146] handle_request: status_report
2024-04-07 15:44:11,308 DEBUG   HandlerThread:3904 [handler.py:handle_request():146] handle_request: keepalive
2024-04-07 15:44:15,973 DEBUG   SenderThread:3904 [sender.py:send():382] send: stats
2024-04-07 15:44:16,360 DEBUG   HandlerThread:3904 [handler.py:handle_request():146] handle_request: keepalive
2024-04-07 15:44:16,982 DEBUG   HandlerThread:3904 [handler.py:handle_request():146] handle_request: status_report
2024-04-07 15:44:20,472 DEBUG   HandlerThread:3904 [handler.py:handle_request():146] handle_request: internal_messages
2024-04-07 15:44:22,027 DEBUG   HandlerThread:3904 [handler.py:handle_request():146] handle_request: status_report
2024-04-07 15:44:26,451 DEBUG   HandlerThread:3904 [handler.py:handle_request():146] handle_request: keepalive
2024-04-07 15:44:27,073 DEBUG   HandlerThread:3904 [handler.py:handle_request():146] handle_request: status_report
2024-04-07 15:44:31,490 DEBUG   HandlerThread:3904 [handler.py:handle_request():146] handle_request: keepalive
2024-04-07 15:44:32,126 DEBUG   HandlerThread:3904 [handler.py:handle_request():146] handle_request: status_report
2024-04-07 15:44:35,486 DEBUG   HandlerThread:3904 [handler.py:handle_request():146] handle_request: internal_messages
2024-04-07 15:44:37,177 DEBUG   HandlerThread:3904 [handler.py:handle_request():146] handle_request: status_report
2024-04-07 15:44:40,570 DEBUG   HandlerThread:3904 [handler.py:handle_request():146] handle_request: keepalive
2024-04-07 15:44:42,231 DEBUG   HandlerThread:3904 [handler.py:handle_request():146] handle_request: status_report
2024-04-07 15:44:45,609 DEBUG   HandlerThread:3904 [handler.py:handle_request():146] handle_request: keepalive
2024-04-07 15:44:45,984 DEBUG   SenderThread:3904 [sender.py:send():382] send: stats
2024-04-07 15:44:48,010 DEBUG   HandlerThread:3904 [handler.py:handle_request():146] handle_request: status_report
2024-04-07 15:44:50,487 DEBUG   HandlerThread:3904 [handler.py:handle_request():146] handle_request: internal_messages
2024-04-07 15:44:53,064 DEBUG   HandlerThread:3904 [handler.py:handle_request():146] handle_request: status_report
2024-04-07 15:44:55,722 DEBUG   HandlerThread:3904 [handler.py:handle_request():146] handle_request: keepalive
2024-04-07 15:44:58,099 DEBUG   HandlerThread:3904 [handler.py:handle_request():146] handle_request: status_report
2024-04-07 15:45:00,785 DEBUG   HandlerThread:3904 [handler.py:handle_request():146] handle_request: keepalive
2024-04-07 15:45:03,137 DEBUG   HandlerThread:3904 [handler.py:handle_request():146] handle_request: status_report
2024-04-07 15:45:05,500 DEBUG   HandlerThread:3904 [handler.py:handle_request():146] handle_request: internal_messages
2024-04-07 15:45:08,188 DEBUG   HandlerThread:3904 [handler.py:handle_request():146] handle_request: status_report
2024-04-07 15:45:10,881 DEBUG   HandlerThread:3904 [handler.py:handle_request():146] handle_request: keepalive
2024-04-07 15:45:13,238 DEBUG   HandlerThread:3904 [handler.py:handle_request():146] handle_request: status_report
2024-04-07 15:45:15,925 DEBUG   HandlerThread:3904 [handler.py:handle_request():146] handle_request: keepalive
2024-04-07 15:45:15,987 DEBUG   SenderThread:3904 [sender.py:send():382] send: stats
2024-04-07 15:45:19,014 DEBUG   HandlerThread:3904 [handler.py:handle_request():146] handle_request: status_report
2024-04-07 15:45:20,509 DEBUG   HandlerThread:3904 [handler.py:handle_request():146] handle_request: internal_messages
2024-04-07 15:45:24,063 DEBUG   HandlerThread:3904 [handler.py:handle_request():146] handle_request: status_report
2024-04-07 15:45:26,013 DEBUG   HandlerThread:3904 [handler.py:handle_request():146] handle_request: keepalive
2024-04-07 15:45:29,104 DEBUG   HandlerThread:3904 [handler.py:handle_request():146] handle_request: status_report
2024-04-07 15:45:31,062 DEBUG   HandlerThread:3904 [handler.py:handle_request():146] handle_request: keepalive
2024-04-07 15:45:34,157 DEBUG   HandlerThread:3904 [handler.py:handle_request():146] handle_request: status_report
2024-04-07 15:45:35,521 DEBUG   HandlerThread:3904 [handler.py:handle_request():146] handle_request: internal_messages
2024-04-07 15:45:39,198 DEBUG   HandlerThread:3904 [handler.py:handle_request():146] handle_request: status_report
2024-04-07 15:45:41,150 DEBUG   HandlerThread:3904 [handler.py:handle_request():146] handle_request: keepalive
2024-04-07 15:45:44,242 DEBUG   HandlerThread:3904 [handler.py:handle_request():146] handle_request: status_report
2024-04-07 15:45:45,995 DEBUG   SenderThread:3904 [sender.py:send():382] send: stats
2024-04-07 15:45:46,198 DEBUG   HandlerThread:3904 [handler.py:handle_request():146] handle_request: keepalive
2024-04-07 15:45:50,037 DEBUG   HandlerThread:3904 [handler.py:handle_request():146] handle_request: status_report
2024-04-07 15:45:50,536 DEBUG   HandlerThread:3904 [handler.py:handle_request():146] handle_request: internal_messages
2024-04-07 15:45:55,074 DEBUG   HandlerThread:3904 [handler.py:handle_request():146] handle_request: status_report
2024-04-07 15:45:56,283 DEBUG   HandlerThread:3904 [handler.py:handle_request():146] handle_request: keepalive
2024-04-07 15:46:00,113 DEBUG   HandlerThread:3904 [handler.py:handle_request():146] handle_request: status_report
2024-04-07 15:46:01,324 DEBUG   HandlerThread:3904 [handler.py:handle_request():146] handle_request: keepalive
2024-04-07 15:46:05,163 DEBUG   HandlerThread:3904 [handler.py:handle_request():146] handle_request: status_report
2024-04-07 15:46:05,552 DEBUG   HandlerThread:3904 [handler.py:handle_request():146] handle_request: internal_messages
2024-04-07 15:46:10,224 DEBUG   HandlerThread:3904 [handler.py:handle_request():146] handle_request: status_report
2024-04-07 15:46:11,426 DEBUG   HandlerThread:3904 [handler.py:handle_request():146] handle_request: keepalive
2024-04-07 15:46:15,270 DEBUG   HandlerThread:3904 [handler.py:handle_request():146] handle_request: status_report
2024-04-07 15:46:16,004 DEBUG   SenderThread:3904 [sender.py:send():382] send: stats
2024-04-07 15:46:16,484 DEBUG   HandlerThread:3904 [handler.py:handle_request():146] handle_request: keepalive
2024-04-07 15:46:20,557 DEBUG   HandlerThread:3904 [handler.py:handle_request():146] handle_request: internal_messages
2024-04-07 15:46:21,051 DEBUG   HandlerThread:3904 [handler.py:handle_request():146] handle_request: status_report
2024-04-07 15:46:25,577 DEBUG   HandlerThread:3904 [handler.py:handle_request():146] handle_request: keepalive
2024-04-07 15:46:26,085 DEBUG   HandlerThread:3904 [handler.py:handle_request():146] handle_request: status_report
2024-04-07 15:46:30,626 DEBUG   HandlerThread:3904 [handler.py:handle_request():146] handle_request: keepalive
2024-04-07 15:46:31,140 DEBUG   HandlerThread:3904 [handler.py:handle_request():146] handle_request: status_report
2024-04-07 15:46:35,563 DEBUG   HandlerThread:3904 [handler.py:handle_request():146] handle_request: internal_messages
2024-04-07 15:46:36,185 DEBUG   HandlerThread:3904 [handler.py:handle_request():146] handle_request: status_report
2024-04-07 15:46:40,736 DEBUG   HandlerThread:3904 [handler.py:handle_request():146] handle_request: keepalive
2024-04-07 15:46:41,238 DEBUG   HandlerThread:3904 [handler.py:handle_request():146] handle_request: status_report
2024-04-07 15:46:45,785 DEBUG   HandlerThread:3904 [handler.py:handle_request():146] handle_request: keepalive
2024-04-07 15:46:46,005 DEBUG   SenderThread:3904 [sender.py:send():382] send: stats
2024-04-07 15:46:47,014 DEBUG   HandlerThread:3904 [handler.py:handle_request():146] handle_request: status_report
2024-04-07 15:46:50,563 DEBUG   HandlerThread:3904 [handler.py:handle_request():146] handle_request: internal_messages
2024-04-07 15:46:52,075 DEBUG   HandlerThread:3904 [handler.py:handle_request():146] handle_request: status_report
2024-04-07 15:46:55,900 DEBUG   HandlerThread:3904 [handler.py:handle_request():146] handle_request: keepalive
2024-04-07 15:46:57,131 DEBUG   HandlerThread:3904 [handler.py:handle_request():146] handle_request: status_report
2024-04-07 15:47:00,953 DEBUG   HandlerThread:3904 [handler.py:handle_request():146] handle_request: keepalive
2024-04-07 15:47:02,184 DEBUG   HandlerThread:3904 [handler.py:handle_request():146] handle_request: status_report
2024-04-07 15:47:05,560 DEBUG   HandlerThread:3904 [handler.py:handle_request():146] handle_request: internal_messages
2024-04-07 15:47:07,225 DEBUG   HandlerThread:3904 [handler.py:handle_request():146] handle_request: status_report
2024-04-07 15:47:11,054 DEBUG   HandlerThread:3904 [handler.py:handle_request():146] handle_request: keepalive
2024-04-07 15:47:12,284 DEBUG   HandlerThread:3904 [handler.py:handle_request():146] handle_request: status_report
2024-04-07 15:47:16,014 DEBUG   SenderThread:3904 [sender.py:send():382] send: stats
2024-04-07 15:47:16,123 DEBUG   HandlerThread:3904 [handler.py:handle_request():146] handle_request: keepalive
2024-04-07 15:47:18,027 DEBUG   HandlerThread:3904 [handler.py:handle_request():146] handle_request: status_report
2024-04-07 15:47:20,561 DEBUG   HandlerThread:3904 [handler.py:handle_request():146] handle_request: internal_messages
2024-04-07 15:47:23,074 DEBUG   HandlerThread:3904 [handler.py:handle_request():146] handle_request: status_report
2024-04-07 15:47:26,222 DEBUG   HandlerThread:3904 [handler.py:handle_request():146] handle_request: keepalive
2024-04-07 15:47:28,109 DEBUG   HandlerThread:3904 [handler.py:handle_request():146] handle_request: status_report
2024-04-07 15:47:31,264 DEBUG   HandlerThread:3904 [handler.py:handle_request():146] handle_request: keepalive
2024-04-07 15:47:33,150 DEBUG   HandlerThread:3904 [handler.py:handle_request():146] handle_request: status_report
2024-04-07 15:47:35,565 DEBUG   HandlerThread:3904 [handler.py:handle_request():146] handle_request: internal_messages
2024-04-07 15:47:38,207 DEBUG   HandlerThread:3904 [handler.py:handle_request():146] handle_request: status_report
2024-04-07 15:47:41,353 DEBUG   HandlerThread:3904 [handler.py:handle_request():146] handle_request: keepalive
2024-04-07 15:47:43,252 DEBUG   HandlerThread:3904 [handler.py:handle_request():146] handle_request: status_report
2024-04-07 15:47:46,020 DEBUG   SenderThread:3904 [sender.py:send():382] send: stats
2024-04-07 15:47:46,410 DEBUG   HandlerThread:3904 [handler.py:handle_request():146] handle_request: keepalive
2024-04-07 15:47:49,042 DEBUG   HandlerThread:3904 [handler.py:handle_request():146] handle_request: status_report
2024-04-07 15:47:50,566 DEBUG   HandlerThread:3904 [handler.py:handle_request():146] handle_request: internal_messages
2024-04-07 15:47:54,075 DEBUG   HandlerThread:3904 [handler.py:handle_request():146] handle_request: status_report
2024-04-07 15:47:56,511 DEBUG   HandlerThread:3904 [handler.py:handle_request():146] handle_request: keepalive
2024-04-07 15:47:59,120 DEBUG   HandlerThread:3904 [handler.py:handle_request():146] handle_request: status_report
2024-04-07 15:48:01,570 DEBUG   HandlerThread:3904 [handler.py:handle_request():146] handle_request: keepalive
2024-04-07 15:48:04,159 DEBUG   HandlerThread:3904 [handler.py:handle_request():146] handle_request: status_report
2024-04-07 15:48:05,577 DEBUG   HandlerThread:3904 [handler.py:handle_request():146] handle_request: internal_messages
2024-04-07 15:48:09,195 DEBUG   HandlerThread:3904 [handler.py:handle_request():146] handle_request: status_report
2024-04-07 15:48:10,659 DEBUG   HandlerThread:3904 [handler.py:handle_request():146] handle_request: keepalive
2024-04-07 15:48:14,252 DEBUG   HandlerThread:3904 [handler.py:handle_request():146] handle_request: status_report
2024-04-07 15:48:15,710 DEBUG   HandlerThread:3904 [handler.py:handle_request():146] handle_request: keepalive
2024-04-07 15:48:16,024 DEBUG   SenderThread:3904 [sender.py:send():382] send: stats
2024-04-07 15:48:20,069 DEBUG   HandlerThread:3904 [handler.py:handle_request():146] handle_request: status_report
2024-04-07 15:48:20,583 DEBUG   HandlerThread:3904 [handler.py:handle_request():146] handle_request: internal_messages
2024-04-07 15:48:25,119 DEBUG   HandlerThread:3904 [handler.py:handle_request():146] handle_request: status_report
2024-04-07 15:48:25,802 DEBUG   HandlerThread:3904 [handler.py:handle_request():146] handle_request: keepalive
2024-04-07 15:48:30,162 DEBUG   HandlerThread:3904 [handler.py:handle_request():146] handle_request: status_report
2024-04-07 15:48:30,863 DEBUG   HandlerThread:3904 [handler.py:handle_request():146] handle_request: keepalive
2024-04-07 15:48:35,227 DEBUG   HandlerThread:3904 [handler.py:handle_request():146] handle_request: status_report
2024-04-07 15:48:35,584 DEBUG   HandlerThread:3904 [handler.py:handle_request():146] handle_request: internal_messages
2024-04-07 15:48:40,268 DEBUG   HandlerThread:3904 [handler.py:handle_request():146] handle_request: status_report
2024-04-07 15:48:40,970 DEBUG   HandlerThread:3904 [handler.py:handle_request():146] handle_request: keepalive
2024-04-07 15:48:45,314 DEBUG   HandlerThread:3904 [handler.py:handle_request():146] handle_request: status_report
2024-04-07 15:48:46,012 DEBUG   HandlerThread:3904 [handler.py:handle_request():146] handle_request: keepalive
2024-04-07 15:48:46,028 DEBUG   SenderThread:3904 [sender.py:send():382] send: stats
2024-04-07 15:48:50,587 DEBUG   HandlerThread:3904 [handler.py:handle_request():146] handle_request: internal_messages
2024-04-07 15:48:51,087 DEBUG   HandlerThread:3904 [handler.py:handle_request():146] handle_request: status_report
2024-04-07 15:48:56,121 DEBUG   HandlerThread:3904 [handler.py:handle_request():146] handle_request: keepalive
2024-04-07 15:48:56,136 DEBUG   HandlerThread:3904 [handler.py:handle_request():146] handle_request: status_report
2024-04-07 15:49:01,176 DEBUG   HandlerThread:3904 [handler.py:handle_request():146] handle_request: keepalive
2024-04-07 15:49:01,192 DEBUG   HandlerThread:3904 [handler.py:handle_request():146] handle_request: status_report
2024-04-07 15:49:05,592 DEBUG   HandlerThread:3904 [handler.py:handle_request():146] handle_request: internal_messages
2024-04-07 15:49:06,242 DEBUG   HandlerThread:3904 [handler.py:handle_request():146] handle_request: status_report
2024-04-07 15:49:11,272 DEBUG   HandlerThread:3904 [handler.py:handle_request():146] handle_request: keepalive
2024-04-07 15:49:11,287 DEBUG   HandlerThread:3904 [handler.py:handle_request():146] handle_request: status_report
2024-04-07 15:49:16,038 DEBUG   SenderThread:3904 [sender.py:send():382] send: stats
2024-04-07 15:49:16,322 DEBUG   HandlerThread:3904 [handler.py:handle_request():146] handle_request: keepalive
2024-04-07 15:49:17,051 DEBUG   HandlerThread:3904 [handler.py:handle_request():146] handle_request: status_report
2024-04-07 15:49:20,596 DEBUG   HandlerThread:3904 [handler.py:handle_request():146] handle_request: internal_messages
2024-04-07 15:49:22,109 DEBUG   HandlerThread:3904 [handler.py:handle_request():146] handle_request: status_report
2024-04-07 15:49:26,399 DEBUG   HandlerThread:3904 [handler.py:handle_request():146] handle_request: keepalive
2024-04-07 15:49:27,143 DEBUG   HandlerThread:3904 [handler.py:handle_request():146] handle_request: status_report
2024-04-07 15:49:31,457 DEBUG   HandlerThread:3904 [handler.py:handle_request():146] handle_request: keepalive
2024-04-07 15:49:32,206 DEBUG   HandlerThread:3904 [handler.py:handle_request():146] handle_request: status_report
2024-04-07 15:49:35,597 DEBUG   HandlerThread:3904 [handler.py:handle_request():146] handle_request: internal_messages
2024-04-07 15:49:37,266 DEBUG   HandlerThread:3904 [handler.py:handle_request():146] handle_request: status_report
2024-04-07 15:49:41,571 DEBUG   HandlerThread:3904 [handler.py:handle_request():146] handle_request: keepalive
2024-04-07 15:49:42,318 DEBUG   HandlerThread:3904 [handler.py:handle_request():146] handle_request: status_report
2024-04-07 15:49:46,039 DEBUG   SenderThread:3904 [sender.py:send():382] send: stats
2024-04-07 15:49:46,615 DEBUG   HandlerThread:3904 [handler.py:handle_request():146] handle_request: keepalive
2024-04-07 15:49:48,064 DEBUG   HandlerThread:3904 [handler.py:handle_request():146] handle_request: status_report
2024-04-07 15:49:50,607 DEBUG   HandlerThread:3904 [handler.py:handle_request():146] handle_request: internal_messages
2024-04-07 15:49:53,116 DEBUG   HandlerThread:3904 [handler.py:handle_request():146] handle_request: status_report
2024-04-07 15:49:55,712 DEBUG   HandlerThread:3904 [handler.py:handle_request():146] handle_request: keepalive
2024-04-07 15:49:58,172 DEBUG   HandlerThread:3904 [handler.py:handle_request():146] handle_request: status_report
2024-04-07 15:50:00,761 DEBUG   HandlerThread:3904 [handler.py:handle_request():146] handle_request: keepalive
2024-04-07 15:50:03,241 DEBUG   HandlerThread:3904 [handler.py:handle_request():146] handle_request: status_report
2024-04-07 15:50:05,620 DEBUG   HandlerThread:3904 [handler.py:handle_request():146] handle_request: internal_messages
2024-04-07 15:50:08,298 DEBUG   HandlerThread:3904 [handler.py:handle_request():146] handle_request: status_report
2024-04-07 15:50:10,846 DEBUG   HandlerThread:3904 [handler.py:handle_request():146] handle_request: keepalive
2024-04-07 15:50:13,350 DEBUG   HandlerThread:3904 [handler.py:handle_request():146] handle_request: status_report
2024-04-07 15:50:15,892 DEBUG   HandlerThread:3904 [handler.py:handle_request():146] handle_request: keepalive
2024-04-07 15:50:16,048 DEBUG   SenderThread:3904 [sender.py:send():382] send: stats
2024-04-07 15:50:19,077 DEBUG   HandlerThread:3904 [handler.py:handle_request():146] handle_request: status_report
2024-04-07 15:50:20,630 DEBUG   HandlerThread:3904 [handler.py:handle_request():146] handle_request: internal_messages
2024-04-07 15:50:24,126 DEBUG   HandlerThread:3904 [handler.py:handle_request():146] handle_request: status_report
2024-04-07 15:50:25,988 DEBUG   HandlerThread:3904 [handler.py:handle_request():146] handle_request: keepalive
2024-04-07 15:50:29,172 DEBUG   HandlerThread:3904 [handler.py:handle_request():146] handle_request: status_report
2024-04-07 15:50:31,042 DEBUG   HandlerThread:3904 [handler.py:handle_request():146] handle_request: keepalive
2024-04-07 15:50:34,228 DEBUG   HandlerThread:3904 [handler.py:handle_request():146] handle_request: status_report
2024-04-07 15:50:35,631 DEBUG   HandlerThread:3904 [handler.py:handle_request():146] handle_request: internal_messages
2024-04-07 15:50:39,284 DEBUG   HandlerThread:3904 [handler.py:handle_request():146] handle_request: status_report
2024-04-07 15:50:41,132 DEBUG   HandlerThread:3904 [handler.py:handle_request():146] handle_request: keepalive
2024-04-07 15:50:44,337 DEBUG   HandlerThread:3904 [handler.py:handle_request():146] handle_request: status_report
2024-04-07 15:50:46,049 DEBUG   SenderThread:3904 [sender.py:send():382] send: stats
2024-04-07 15:50:46,189 DEBUG   HandlerThread:3904 [handler.py:handle_request():146] handle_request: keepalive
2024-04-07 15:50:50,083 DEBUG   HandlerThread:3904 [handler.py:handle_request():146] handle_request: status_report
2024-04-07 15:50:50,642 DEBUG   HandlerThread:3904 [handler.py:handle_request():146] handle_request: internal_messages
2024-04-07 15:50:55,132 DEBUG   HandlerThread:3904 [handler.py:handle_request():146] handle_request: status_report
2024-04-07 15:50:56,295 DEBUG   HandlerThread:3904 [handler.py:handle_request():146] handle_request: keepalive
2024-04-07 15:51:00,181 DEBUG   HandlerThread:3904 [handler.py:handle_request():146] handle_request: status_report
2024-04-07 15:51:01,346 DEBUG   HandlerThread:3904 [handler.py:handle_request():146] handle_request: keepalive
2024-04-07 15:51:05,233 DEBUG   HandlerThread:3904 [handler.py:handle_request():146] handle_request: status_report
2024-04-07 15:51:05,656 DEBUG   HandlerThread:3904 [handler.py:handle_request():146] handle_request: internal_messages
2024-04-07 15:51:10,280 DEBUG   HandlerThread:3904 [handler.py:handle_request():146] handle_request: status_report
2024-04-07 15:51:11,458 DEBUG   HandlerThread:3904 [handler.py:handle_request():146] handle_request: keepalive
2024-04-07 15:51:15,316 DEBUG   HandlerThread:3904 [handler.py:handle_request():146] handle_request: status_report
2024-04-07 15:51:16,060 DEBUG   SenderThread:3904 [sender.py:send():382] send: stats
2024-04-07 15:51:16,492 DEBUG   HandlerThread:3904 [handler.py:handle_request():146] handle_request: keepalive
2024-04-07 15:51:20,650 DEBUG   HandlerThread:3904 [handler.py:handle_request():146] handle_request: internal_messages
2024-04-07 15:51:21,101 DEBUG   HandlerThread:3904 [handler.py:handle_request():146] handle_request: status_report
2024-04-07 15:51:26,159 DEBUG   HandlerThread:3904 [handler.py:handle_request():146] handle_request: status_report
2024-04-07 15:51:26,578 DEBUG   HandlerThread:3904 [handler.py:handle_request():146] handle_request: keepalive
2024-04-07 15:51:31,205 DEBUG   HandlerThread:3904 [handler.py:handle_request():146] handle_request: status_report
2024-04-07 15:51:31,624 DEBUG   HandlerThread:3904 [handler.py:handle_request():146] handle_request: keepalive
2024-04-07 15:51:35,652 DEBUG   HandlerThread:3904 [handler.py:handle_request():146] handle_request: internal_messages
2024-04-07 15:51:36,263 DEBUG   HandlerThread:3904 [handler.py:handle_request():146] handle_request: status_report
2024-04-07 15:51:40,716 DEBUG   HandlerThread:3904 [handler.py:handle_request():146] handle_request: keepalive
2024-04-07 15:51:41,321 DEBUG   HandlerThread:3904 [handler.py:handle_request():146] handle_request: status_report
2024-04-07 15:51:45,761 DEBUG   HandlerThread:3904 [handler.py:handle_request():146] handle_request: keepalive
2024-04-07 15:51:46,071 DEBUG   SenderThread:3904 [sender.py:send():382] send: stats
2024-04-07 15:51:47,082 DEBUG   HandlerThread:3904 [handler.py:handle_request():146] handle_request: status_report
2024-04-07 15:51:50,654 DEBUG   HandlerThread:3904 [handler.py:handle_request():146] handle_request: internal_messages
2024-04-07 15:51:52,131 DEBUG   HandlerThread:3904 [handler.py:handle_request():146] handle_request: status_report
2024-04-07 15:51:55,872 DEBUG   HandlerThread:3904 [handler.py:handle_request():146] handle_request: keepalive
2024-04-07 15:51:57,196 DEBUG   HandlerThread:3904 [handler.py:handle_request():146] handle_request: status_report
2024-04-07 15:52:00,926 DEBUG   HandlerThread:3904 [handler.py:handle_request():146] handle_request: keepalive
2024-04-07 15:52:02,250 DEBUG   HandlerThread:3904 [handler.py:handle_request():146] handle_request: status_report
2024-04-07 15:52:05,661 DEBUG   HandlerThread:3904 [handler.py:handle_request():146] handle_request: internal_messages
2024-04-07 15:52:07,295 DEBUG   HandlerThread:3904 [handler.py:handle_request():146] handle_request: status_report
2024-04-07 15:52:11,027 DEBUG   HandlerThread:3904 [handler.py:handle_request():146] handle_request: keepalive
2024-04-07 15:52:12,346 DEBUG   HandlerThread:3904 [handler.py:handle_request():146] handle_request: status_report
2024-04-07 15:52:16,083 DEBUG   HandlerThread:3904 [handler.py:handle_request():146] handle_request: keepalive
2024-04-07 15:52:16,083 DEBUG   SenderThread:3904 [sender.py:send():382] send: stats
2024-04-07 15:52:18,101 DEBUG   HandlerThread:3904 [handler.py:handle_request():146] handle_request: status_report
2024-04-07 15:52:20,674 DEBUG   HandlerThread:3904 [handler.py:handle_request():146] handle_request: internal_messages
2024-04-07 15:52:23,142 DEBUG   HandlerThread:3904 [handler.py:handle_request():146] handle_request: status_report
2024-04-07 15:52:26,159 DEBUG   HandlerThread:3904 [handler.py:handle_request():146] handle_request: keepalive
2024-04-07 15:52:28,183 DEBUG   HandlerThread:3904 [handler.py:handle_request():146] handle_request: status_report
2024-04-07 15:52:31,217 DEBUG   HandlerThread:3904 [handler.py:handle_request():146] handle_request: keepalive
2024-04-07 15:52:33,236 DEBUG   HandlerThread:3904 [handler.py:handle_request():146] handle_request: status_report
2024-04-07 15:52:35,680 DEBUG   HandlerThread:3904 [handler.py:handle_request():146] handle_request: internal_messages
2024-04-07 15:52:38,297 DEBUG   HandlerThread:3904 [handler.py:handle_request():146] handle_request: status_report
2024-04-07 15:52:41,330 DEBUG   HandlerThread:3904 [handler.py:handle_request():146] handle_request: keepalive
2024-04-07 15:52:43,342 DEBUG   HandlerThread:3904 [handler.py:handle_request():146] handle_request: status_report
2024-04-07 15:52:46,093 DEBUG   SenderThread:3904 [sender.py:send():382] send: stats
2024-04-07 15:52:46,374 DEBUG   HandlerThread:3904 [handler.py:handle_request():146] handle_request: keepalive
2024-04-07 15:52:49,124 DEBUG   HandlerThread:3904 [handler.py:handle_request():146] handle_request: status_report
2024-04-07 15:52:50,686 DEBUG   HandlerThread:3904 [handler.py:handle_request():146] handle_request: internal_messages
2024-04-07 15:52:54,166 DEBUG   HandlerThread:3904 [handler.py:handle_request():146] handle_request: status_report
2024-04-07 15:52:56,449 DEBUG   HandlerThread:3904 [handler.py:handle_request():146] handle_request: keepalive
2024-04-07 15:52:59,223 DEBUG   HandlerThread:3904 [handler.py:handle_request():146] handle_request: status_report
2024-04-07 15:53:01,509 DEBUG   HandlerThread:3904 [handler.py:handle_request():146] handle_request: keepalive
2024-04-07 15:53:04,264 DEBUG   HandlerThread:3904 [handler.py:handle_request():146] handle_request: status_report
2024-04-07 15:53:05,690 DEBUG   HandlerThread:3904 [handler.py:handle_request():146] handle_request: internal_messages
2024-04-07 15:53:09,316 DEBUG   HandlerThread:3904 [handler.py:handle_request():146] handle_request: status_report
2024-04-07 15:53:11,624 DEBUG   HandlerThread:3904 [handler.py:handle_request():146] handle_request: keepalive
2024-04-07 15:53:14,365 DEBUG   HandlerThread:3904 [handler.py:handle_request():146] handle_request: status_report
2024-04-07 15:53:16,108 DEBUG   SenderThread:3904 [sender.py:send():382] send: stats
2024-04-07 15:53:16,685 DEBUG   HandlerThread:3904 [handler.py:handle_request():146] handle_request: keepalive
2024-04-07 15:53:20,152 DEBUG   HandlerThread:3904 [handler.py:handle_request():146] handle_request: status_report
2024-04-07 15:53:20,696 DEBUG   HandlerThread:3904 [handler.py:handle_request():146] handle_request: internal_messages
2024-04-07 15:53:25,210 DEBUG   HandlerThread:3904 [handler.py:handle_request():146] handle_request: status_report
2024-04-07 15:53:25,772 DEBUG   HandlerThread:3904 [handler.py:handle_request():146] handle_request: keepalive
2024-04-07 15:53:30,255 DEBUG   HandlerThread:3904 [handler.py:handle_request():146] handle_request: status_report
2024-04-07 15:53:30,823 DEBUG   HandlerThread:3904 [handler.py:handle_request():146] handle_request: keepalive
2024-04-07 15:53:35,305 DEBUG   HandlerThread:3904 [handler.py:handle_request():146] handle_request: status_report
2024-04-07 15:53:35,709 DEBUG   HandlerThread:3904 [handler.py:handle_request():146] handle_request: internal_messages
2024-04-07 15:53:40,355 DEBUG   HandlerThread:3904 [handler.py:handle_request():146] handle_request: status_report
2024-04-07 15:53:40,879 DEBUG   HandlerThread:3904 [handler.py:handle_request():146] handle_request: keepalive
